<?xml version="1.0" encoding="UTF-8"?>
<!-- Generated by org.testng.reporters.JUnitReportReporter -->
<testsuite hostname="DESKTOP-GDTK638" failures="0" tests="3" name="Runners.TestRunner" time="11.168" errors="0" timestamp="2023-03-29T18:55:28 EEST" skipped="0">
  <testcase classname="Runners.TestRunner" name="runScenario" time="1.747"/>
  <system-out/>
  <testcase classname="Runners.TestRunner" name="runScenario" time="8.863"/>
  <system-out/>
  <testcase classname="Runners.TestRunner" name="runScenario" time="0.558"/>
  <system-out/>
</testsuite> <!-- Runners.TestRunner -->
